<?xml version="1.0" encoding="UTF-8"?>
<testng-results ignored="0" total="1" passed="1" failed="0" skipped="0">
  <reporter-output>
  </reporter-output>
  <suite started-at="2019-08-22T11:58:21Z" name="Default suite" finished-at="2019-08-22T11:58:21Z" duration-ms="43">
    <groups>
    </groups>
    <test started-at="2019-08-22T11:58:21Z" name="Default test" finished-at="2019-08-22T11:58:21Z" duration-ms="43">
      <class name="KeyWordDriven.Methods">
        <test-method signature="verify_login()[pri:0, instance:KeyWordDriven.Methods@7880cdf3]" started-at="2019-08-22T11:58:21Z" name="verify_login" finished-at="2019-08-22T11:58:21Z" duration-ms="15" status="PASS">
          <reporter-output>
          </reporter-output>
        </test-method> <!-- verify_login -->
      </class> <!-- KeyWordDriven.Methods -->
    </test> <!-- Default test -->
  </suite> <!-- Default suite -->
</testng-results>
